<?xml version="1.0" encoding="UTF-8"?>
<!-- Generated by org.testng.reporters.JUnitXMLReporter -->
<testsuite ignored="2" hostname="COLLABPH1002991" failures="0" tests="1" name="Test Case - Validate Loan and EMI" time="29.551" errors="0" timestamp="2023-12-11T14:17:00 PST">
  <testcase classname="common.BaseClass" name="@BeforeMethod beforeMethod" time="25.319">
    <failure type="java.lang.NullPointerException" message="Cannot invoke &amp;quot;Object.toString()&amp;quot; because the return value of &amp;quot;org.openqa.selenium.Capabilities.getCapability(String)&amp;quot; is null">
      <![CDATA[java.lang.NullPointerException: Cannot invoke "Object.toString()" because the return value of "org.openqa.selenium.Capabilities.getCapability(String)" is null
at common.BaseClass.beforeMethod(BaseClass.java:66)
at java.base/java.util.ArrayList.forEach(ArrayList.java:1511)
... Removed 31 stack frames]]>
    </failure>
  </testcase> <!-- @BeforeMethod beforeMethod -->
  <testcase classname="common.BaseClass" name="@AfterMethod afterMethod" time="0.001">
    <failure type="java.lang.NullPointerException" message="Cannot invoke &amp;quot;com.relevantcodes.extentreports.ExtentTest.log(com.relevantcodes.extentreports.LogStatus, String)&amp;quot; because &amp;quot;utils.ExtentReportsUtil.logger&amp;quot; is null">
      <![CDATA[java.lang.NullPointerException: Cannot invoke "com.relevantcodes.extentreports.ExtentTest.log(com.relevantcodes.extentreports.LogStatus, String)" because "utils.ExtentReportsUtil.logger" is null
at utils.ExtentReportsUtil.getExtentResult(ExtentReportsUtil.java:33)
at common.BaseClass.afterMethod(BaseClass.java:74)
at java.base/java.util.ArrayList.forEach(ArrayList.java:1511)
... Removed 32 stack frames]]>
    </failure>
  </testcase> <!-- @AfterMethod afterMethod -->
  <testcase classname="scripts.TC01_ValidateLoanAndEMI" name="Fin_01" time="0.0">
    <skipped/>
  </testcase> <!-- Fin_01 -->
  <testcase classname="scripts.TC01_ValidateLoanAndEMI" name="Fin_03" time="0.0">
    <ignored/>
  </testcase> <!-- Fin_03 -->
  <testcase classname="scripts.TC01_ValidateLoanAndEMI" name="Fin_02" time="0.0">
    <ignored/>
  </testcase> <!-- Fin_02 -->
</testsuite> <!-- Test Case - Validate Loan and EMI -->
