<!DOCTYPE html PUBLIC "-//W3C//DTD XHTML 1.1//EN" "https://www.w3.org/TR/xhtml11/DTD/xhtml11.dtd">
<html xmlns="https://www.w3.org/1999/xhtml">
<head>
<meta http-equiv="content-type" content="text/html; charset=UTF-8"/>
<title>TestNG Report</title>
<style type="text/css">table {margin-bottom:10px;border-collapse:collapse;empty-cells:show}th,td {border:1px solid #009;padding:.25em .5em}th {vertical-align:bottom}td {vertical-align:top}table a {font-weight:bold}.stripe td {background-color: #E6EBF9}.num {text-align:right}.passedodd td {background-color: #3F3}.passedeven td {background-color: #0A0}.skippedodd td {background-color: #DDD}.skippedeven td {background-color: #CCC}.failedodd td,.attn {background-color: #F33}.failedeven td,.stripe .attn {background-color: #D00}.stacktrace {white-space:pre;font-family:monospace}.totop {font-size:85%;text-align:center;border-bottom:2px solid #000}.invisible {display:none}</style>
</head>
<body>
<table>
<tr><th>Test</th><th># Passed</th><th># Skipped</th><th># Retried</th><th># Failed</th><th>Time (ms)</th><th>Included Groups</th><th>Excluded Groups</th></tr>
<tr><th colspan="8">iFinibo Automate</th></tr>
<tr><td><a href="#t0">Test Case - Validate Loan and EMI</a></td><td class="num">0</td><td class="num attn">3</td><td class="num">0</td><td class="num">0</td><td class="num">26,103</td><td></td><td></td></tr>
</table>
<table id='summary'><thead><tr><th>Class</th><th>Method</th><th>Start</th><th>Time (ms)</th></tr></thead><tbody><tr><th colspan="4">iFinibo Automate</th></tr></tbody><tbody id="t0"><tr><th colspan="4">Test Case - Validate Loan and EMI &#8212; failed (configuration methods)</th></tr><tr class="failedeven"><td rowspan="4">scripts.TC01_ValidateLoanAndEMI</td><td><a href="#m0">afterMethod</a></td><td rowspan="3">1700546055317</td><td rowspan="3">0</td></tr><tr class="failedeven"><td><a href="#m1">afterMethod</a></td></tr><tr class="failedeven"><td><a href="#m2">afterMethod</a></td></tr><tr class="failedeven"><td><a href="#m3">setUpRunEnv</a></td><td rowspan="1">1700546029220</td><td rowspan="1">26034</td></tr><tr><th colspan="4">Test Case - Validate Loan and EMI &#8212; skipped (configuration methods)</th></tr><tr class="skippedeven"><td rowspan="2">scripts.TC01_ValidateLoanAndEMI</td><td><a href="#m4">endTest</a></td><td rowspan="1">1700546055434</td><td rowspan="1">0</td></tr><tr class="skippedeven"><td><a href="#m5">tearDown</a></td><td rowspan="1">1700546055323</td><td rowspan="1">0</td></tr><tr><th colspan="4">Test Case - Validate Loan and EMI &#8212; skipped</th></tr><tr class="skippedeven"><td rowspan="3">scripts.TC01_ValidateLoanAndEMI</td><td><a href="#m6">Fin_01</a></td><td rowspan="1">1700546055308</td><td rowspan="1">0</td></tr><tr class="skippedeven"><td><a href="#m7">Fin_02</a></td><td rowspan="1">1700546055317</td><td rowspan="1">0</td></tr><tr class="skippedeven"><td><a href="#m8">Fin_03</a></td><td rowspan="1">1700546055318</td><td rowspan="1">0</td></tr></tbody>
</table>
<h2>Test Case - Validate Loan and EMI</h2><h3 id="m0">scripts.TC01_ValidateLoanAndEMI#afterMethod</h3><table class="result"><tr class="param"><th>Parameter #1</th></tr><tr class="param stripe"><td>[TestResult name={null} status=CREATED method=TC01_ValidateLoanAndEMI.Fin_02()[pri:0, instance:scripts.TC01_ValidateLoanAndEMI@1a6c1270] output={null}]</td></tr><tr><th>Exception</th></tr><tr><td><div class="stacktrace">java.lang.NullPointerException: Cannot invoke &quot;com.relevantcodes.extentreports.ExtentTest.log(com.relevantcodes.extentreports.LogStatus, String)&quot; because &quot;utils.ExtentReportsUtil.logger&quot; is null
	at utils.ExtentReportsUtil.getExtentResult(ExtentReportsUtil.java:32)
	at common.BaseClass.afterMethod(BaseClass.java:66)
	at java.base/java.util.ArrayList.forEach(ArrayList.java:1511)
... Removed 36 stack frames</div></td></tr></table><p class="totop"><a href="#summary">back to summary</a></p>
<h3 id="m1">scripts.TC01_ValidateLoanAndEMI#afterMethod</h3><table class="result"><tr class="param"><th>Parameter #1</th></tr><tr class="param stripe"><td>[TestResult name={null} status=CREATED method=TC01_ValidateLoanAndEMI.Fin_01()[pri:0, instance:scripts.TC01_ValidateLoanAndEMI@1a6c1270] output={null}]</td></tr><tr><th>Exception</th></tr><tr><td><div class="stacktrace">java.lang.NullPointerException: Cannot invoke &quot;com.relevantcodes.extentreports.ExtentTest.log(com.relevantcodes.extentreports.LogStatus, String)&quot; because &quot;utils.ExtentReportsUtil.logger&quot; is null
	at utils.ExtentReportsUtil.getExtentResult(ExtentReportsUtil.java:32)
	at common.BaseClass.afterMethod(BaseClass.java:66)
	at java.base/java.util.ArrayList.forEach(ArrayList.java:1511)
... Removed 36 stack frames</div></td></tr></table><p class="totop"><a href="#summary">back to summary</a></p>
<h3 id="m2">scripts.TC01_ValidateLoanAndEMI#afterMethod</h3><table class="result"><tr class="param"><th>Parameter #1</th></tr><tr class="param stripe"><td>[TestResult name={null} status=CREATED method=TC01_ValidateLoanAndEMI.Fin_03()[pri:0, instance:scripts.TC01_ValidateLoanAndEMI@1a6c1270] output={null}]</td></tr><tr><th>Exception</th></tr><tr><td><div class="stacktrace">java.lang.NullPointerException: Cannot invoke &quot;com.relevantcodes.extentreports.ExtentTest.log(com.relevantcodes.extentreports.LogStatus, String)&quot; because &quot;utils.ExtentReportsUtil.logger&quot; is null
	at utils.ExtentReportsUtil.getExtentResult(ExtentReportsUtil.java:32)
	at common.BaseClass.afterMethod(BaseClass.java:66)
	at java.base/java.util.ArrayList.forEach(ArrayList.java:1511)
... Removed 36 stack frames</div></td></tr></table><p class="totop"><a href="#summary">back to summary</a></p>
<h3 id="m3">scripts.TC01_ValidateLoanAndEMI#setUpRunEnv</h3><table class="result"><tr><th>Exception</th></tr><tr><td><div class="stacktrace">java.lang.NullPointerException: Cannot invoke &quot;org.openqa.selenium.JavascriptExecutor.executeScript(String, Object[])&quot; because &quot;this.jse&quot; is null
	at common.BaseClass.setUpRunEnv(BaseClass.java:53)
... Removed 28 stack frames</div></td></tr></table><p class="totop"><a href="#summary">back to summary</a></p>
<h3 id="m4">scripts.TC01_ValidateLoanAndEMI#endTest</h3><table class="result"><tr><th class="invisible"/></tr></table><p class="totop"><a href="#summary">back to summary</a></p>
<h3 id="m5">scripts.TC01_ValidateLoanAndEMI#tearDown</h3><table class="result"><tr><th class="invisible"/></tr></table><p class="totop"><a href="#summary">back to summary</a></p>
<h3 id="m6">scripts.TC01_ValidateLoanAndEMI#Fin_01</h3><table class="result"><tr><th>Exception</th></tr><tr><td><div class="stacktrace">java.lang.NullPointerException: Cannot invoke &quot;org.openqa.selenium.JavascriptExecutor.executeScript(String, Object[])&quot; because &quot;this.jse&quot; is null
	at common.BaseClass.setUpRunEnv(BaseClass.java:53)
... Removed 28 stack frames</div></td></tr></table><p class="totop"><a href="#summary">back to summary</a></p>
<h3 id="m7">scripts.TC01_ValidateLoanAndEMI#Fin_02</h3><table class="result"><tr><th>Exception</th></tr><tr><td><div class="stacktrace">java.lang.NullPointerException: Cannot invoke &quot;org.openqa.selenium.JavascriptExecutor.executeScript(String, Object[])&quot; because &quot;this.jse&quot; is null
	at common.BaseClass.setUpRunEnv(BaseClass.java:53)
... Removed 28 stack frames</div></td></tr></table><p class="totop"><a href="#summary">back to summary</a></p>
<h3 id="m8">scripts.TC01_ValidateLoanAndEMI#Fin_03</h3><table class="result"><tr><th>Exception</th></tr><tr><td><div class="stacktrace">java.lang.NullPointerException: Cannot invoke &quot;com.relevantcodes.extentreports.ExtentTest.log(com.relevantcodes.extentreports.LogStatus, String)&quot; because &quot;utils.ExtentReportsUtil.logger&quot; is null
	at utils.ExtentReportsUtil.getExtentResult(ExtentReportsUtil.java:32)
	at common.BaseClass.afterMethod(BaseClass.java:66)
	at java.base/java.util.ArrayList.forEach(ArrayList.java:1511)
... Removed 36 stack frames</div></td></tr></table><p class="totop"><a href="#summary">back to summary</a></p>
</body>
</html>
